<?xml version="1.0" encoding="UTF-8"?>
<!-- Generated by org.testng.reporters.JUnitXMLReporter -->
<testsuite ignored="2" hostname="Suvarna" failures="0" tests="2" name="Test" time="0.083" errors="0" timestamp="2024-06-09T08:12:40 IST">
  <testcase classname="day1TestNG.TestNG" name="goToSignIn" time="0.013"/>
  <testcase classname="day1TestNG.TestNG" name="logoutoFAmazon" time="0.002"/>
  <testcase classname="day1TestNG.TestNG" name="goToAmazonPage" time="0.0">
    <ignored/>
  </testcase> <!-- goToAmazonPage -->
  <testcase classname="day1TestNG.TestNG" name="login" time="0.0">
    <ignored/>
  </testcase> <!-- login -->
</testsuite> <!-- Test -->
