<?xml version="1.0" encoding="UTF-8"?>
<testsuite xmlns:xsi="http://www.w3.org/2001/XMLSchema-instance" xsi:noNamespaceSchemaLocation="https://maven.apache.org/surefire/maven-surefire-plugin/xsd/surefire-test-report-3.0.xsd" version="3.0" name="TestSuite" time="23.996" tests="3" errors="0" skipped="0" failures="0">
  <properties>
[...]
</properties>
  <testcase name="loginToOrange" classname="day1TestNG.CrossBrower_ParallelTesting" time="4.947">
    <system-out><![CDATA[Test executed!!!!!!!!!
Test executed!!!!!!!!!
]]></system-out>
    <system-err><![CDATA[SLF4J: Failed to load class "org.slf4j.impl.StaticLoggerBinder".
SLF4J: Defaulting to no-operation (NOP) logger implementation
SLF4J: See http://www.slf4j.org/codes.html#StaticLoggerBinder for further details.
Jun 09, 2024 4:59:11 PM org.openqa.selenium.manager.SeleniumManager lambda$runCommand$1
WARNING: The geckodriver version (0.32.2) detected in PATH at C:\Users\SUVARNA\AppData\Local\Programs\Python\Python311\Scripts\geckodriver.exe might not be compatible with the detected firefox version (126.0.1.8912); currently, geckodriver 0.34.0 is recommended for firefox 126.*, so it is advised to delete the driver in PATH and retry
]]></system-err>
  </testcase>
  <testcase name="loginToOrange" classname="day1TestNG.CrossBrower_ParallelTesting" time="5.254"/>
  <testcase name="loginToOrange" classname="day1TestNG.CrossBrower_ParallelTesting" time="3.209">
    <system-out><![CDATA[Test executed!!!!!!!!!
]]></system-out>
  </testcase>
</testsuite>