<?xml version="1.0" encoding="UTF-8"?>
<testng-results ignored="0" total="3" passed="3" failed="0" skipped="0">
  <reporter-output>
  </reporter-output>
  <suite started-at="2024-06-09T16:59:09 IST" name="Suite" finished-at="2024-06-09T16:59:32 IST" duration-ms="23086">
    <groups>
    </groups>
    <test started-at="2024-06-09T16:59:09 IST" name="ChromeTest" finished-at="2024-06-09T16:59:24 IST" duration-ms="15384">
      <class name="day1TestNG.CrossBrower_ParallelTesting">
        <test-method is-config="true" signature="openBrowser(java.lang.String)[pri:0, instance:day1TestNG.CrossBrower_ParallelTesting@40ef3420]" started-at="2024-06-09T16:59:09 IST" name="openBrowser" finished-at="2024-06-09T16:59:19 IST" duration-ms="9614" status="PASS">
          <params>
            <param index="0">
              <value>
                <![CDATA[Chrome]]>
              </value>
            </param>
          </params>
          <reporter-output>
          </reporter-output>
        </test-method> <!-- openBrowser -->
        <test-method signature="loginToOrange()[pri:0, instance:day1TestNG.CrossBrower_ParallelTesting@40ef3420]" started-at="2024-06-09T16:59:19 IST" name="loginToOrange" finished-at="2024-06-09T16:59:24 IST" duration-ms="4916" status="PASS">
          <reporter-output>
          </reporter-output>
        </test-method> <!-- loginToOrange -->
        <test-method is-config="true" signature="closeBrowser()[pri:0, instance:day1TestNG.CrossBrower_ParallelTesting@40ef3420]" started-at="2024-06-09T16:59:24 IST" name="closeBrowser" finished-at="2024-06-09T16:59:24 IST" duration-ms="330" status="PASS">
          <reporter-output>
          </reporter-output>
        </test-method> <!-- closeBrowser -->
      </class> <!-- day1TestNG.CrossBrower_ParallelTesting -->
    </test> <!-- ChromeTest -->
    <test started-at="2024-06-09T16:59:09 IST" name="EdgeTest" finished-at="2024-06-09T16:59:26 IST" duration-ms="17077">
      <class name="day1TestNG.CrossBrower_ParallelTesting">
        <test-method is-config="true" signature="openBrowser(java.lang.String)[pri:0, instance:day1TestNG.CrossBrower_ParallelTesting@294425a7]" started-at="2024-06-09T16:59:09 IST" name="openBrowser" finished-at="2024-06-09T16:59:19 IST" duration-ms="9495" status="PASS">
          <params>
            <param index="0">
              <value>
                <![CDATA[Edge]]>
              </value>
            </param>
          </params>
          <reporter-output>
          </reporter-output>
        </test-method> <!-- openBrowser -->
        <test-method signature="loginToOrange()[pri:0, instance:day1TestNG.CrossBrower_ParallelTesting@294425a7]" started-at="2024-06-09T16:59:19 IST" name="loginToOrange" finished-at="2024-06-09T16:59:24 IST" duration-ms="5344" status="PASS">
          <reporter-output>
          </reporter-output>
        </test-method> <!-- loginToOrange -->
        <test-method is-config="true" signature="closeBrowser()[pri:0, instance:day1TestNG.CrossBrower_ParallelTesting@294425a7]" started-at="2024-06-09T16:59:24 IST" name="closeBrowser" finished-at="2024-06-09T16:59:26 IST" duration-ms="1741" status="PASS">
          <reporter-output>
          </reporter-output>
        </test-method> <!-- closeBrowser -->
      </class> <!-- day1TestNG.CrossBrower_ParallelTesting -->
    </test> <!-- EdgeTest -->
    <test started-at="2024-06-09T16:59:09 IST" name="FirefoxTest" finished-at="2024-06-09T16:59:32 IST" duration-ms="23086">
      <class name="day1TestNG.CrossBrower_ParallelTesting">
        <test-method is-config="true" signature="openBrowser(java.lang.String)[pri:0, instance:day1TestNG.CrossBrower_ParallelTesting@12468a38]" started-at="2024-06-09T16:59:09 IST" name="openBrowser" finished-at="2024-06-09T16:59:28 IST" duration-ms="18102" status="PASS">
          <params>
            <param index="0">
              <value>
                <![CDATA[Firefox]]>
              </value>
            </param>
          </params>
          <reporter-output>
          </reporter-output>
        </test-method> <!-- openBrowser -->
        <test-method signature="loginToOrange()[pri:0, instance:day1TestNG.CrossBrower_ParallelTesting@12468a38]" started-at="2024-06-09T16:59:28 IST" name="loginToOrange" finished-at="2024-06-09T16:59:31 IST" duration-ms="3209" status="PASS">
          <reporter-output>
          </reporter-output>
        </test-method> <!-- loginToOrange -->
        <test-method is-config="true" signature="closeBrowser()[pri:0, instance:day1TestNG.CrossBrower_ParallelTesting@12468a38]" started-at="2024-06-09T16:59:31 IST" name="closeBrowser" finished-at="2024-06-09T16:59:32 IST" duration-ms="1311" status="PASS">
          <reporter-output>
          </reporter-output>
        </test-method> <!-- closeBrowser -->
      </class> <!-- day1TestNG.CrossBrower_ParallelTesting -->
    </test> <!-- FirefoxTest -->
  </suite> <!-- Suite -->
</testng-results>
