<?xml version="1.0" encoding="UTF-8"?>
<testng-results ignored="0" total="1" passed="1" failed="0" skipped="0">
  <reporter-output>
  </reporter-output>
  <suite started-at="2024-06-09T16:36:27 IST" name="Default suite" finished-at="2024-06-09T16:36:36 IST" duration-ms="9093">
    <groups>
    </groups>
    <test started-at="2024-06-09T16:36:27 IST" name="Default test" finished-at="2024-06-09T16:36:36 IST" duration-ms="9093">
      <class name="testCases.OrangeHRM">
        <test-method is-config="true" signature="login_Test()[pri:0, instance:testCases.OrangeHRM@5c6648b0]" started-at="2024-06-09T16:36:27 IST" name="login_Test" finished-at="2024-06-09T16:36:32 IST" duration-ms="4989" status="PASS">
          <reporter-output>
          </reporter-output>
        </test-method> <!-- login_Test -->
        <test-method signature="enter_user_creds()[pri:0, instance:testCases.OrangeHRM@5c6648b0]" started-at="2024-06-09T16:36:32 IST" name="enter_user_creds" finished-at="2024-06-09T16:36:35 IST" duration-ms="3833" status="PASS">
          <reporter-output>
          </reporter-output>
        </test-method> <!-- enter_user_creds -->
        <test-method is-config="true" signature="browser_close()[pri:0, instance:testCases.OrangeHRM@5c6648b0]" started-at="2024-06-09T16:36:35 IST" name="browser_close" finished-at="2024-06-09T16:36:36 IST" duration-ms="213" status="PASS">
          <reporter-output>
          </reporter-output>
        </test-method> <!-- browser_close -->
      </class> <!-- testCases.OrangeHRM -->
    </test> <!-- Default test -->
  </suite> <!-- Default suite -->
</testng-results>
